Start testing: Jul 31 02:47 BST
----------------------------------------------------------
1/1 Testing: runTests
1/1 Test: runTests
Command: "/Users/charlie/Documents/University/Final-Year-Project/Refactored_BPP/build/runTests"
Directory: /Users/charlie/Documents/University/Final-Year-Project/Refactored_BPP/build
"runTests" start time: Jul 31 02:47 BST
Output:
----------------------------------------------------------
[==========] Running 3 tests from 1 test suite.
[----------] Global test environment set-up.
[----------] 3 tests from Algorithms/BinPackingGameTest
[ RUN      ] Algorithms/BinPackingGameTest.Algorithms/0
Test case: Minimal Input Size - Zero Items
Algorithm: firstFit
Expected bins: 0, Actual bins: 0

Test case: Minimal Input Size - One Item
Algorithm: firstFit
Expected bins: 1, Actual bins: 1
Bin contents: [ 5 ]

Test case: Maximal Input Size
Algorithm: firstFit
Expected bins: 100, Actual bins: 100
Bin contents: [ 1 1 1 1 1 1 1 1 1 1 ]
Bin contents: [ 1 1 1 1 1 1 1 1 1 1 ]
Bin contents: [ 1 1 1 1 1 1 1 1 1 1 ]
Bin contents: [ 1 1 1 1 1 1 1 1 1 1 ]
Bin contents: [ 1 1 1 1 1 1 1 1 1 1 ]
Bin contents: [ 1 1 1 1 1 1 1 1 1 1 ]
Bin contents: [ 1 1 1 1 1 1 1 1 1 1 ]
Bin contents: [ 1 1 1 1 1 1 1 1 1 1 ]
Bin contents: [ 1 1 1 1 1 1 1 1 1 1 ]
Bin contents: [ 1 1 1 1 1 1 1 1 1 1 ]
Bin contents: [ 1 1 1 1 1 1 1 1 1 1 ]
Bin contents: [ 1 1 1 1 1 1 1 1 1 1 ]
Bin contents: [ 1 1 1 1 1 1 1 1 1 1 ]
Bin contents: [ 1 1 1 1 1 1 1 1 1 1 ]
Bin contents: [ 1 1 1 1 1 1 1 1 1 1 ]
Bin contents: [ 1 1 1 1 1 1 1 1 1 1 ]
Bin contents: [ 1 1 1 1 1 1 1 1 1 1 ]
Bin contents: [ 1 1 1 1 1 1 1 1 1 1 ]
Bin contents: [ 1 1 1 1 1 1 1 1 1 1 ]
Bin contents: [ 1 1 1 1 1 1 1 1 1 1 ]
Bin contents: [ 1 1 1 1 1 1 1 1 1 1 ]
Bin contents: [ 1 1 1 1 1 1 1 1 1 1 ]
Bin contents: [ 1 1 1 1 1 1 1 1 1 1 ]
Bin contents: [ 1 1 1 1 1 1 1 1 1 1 ]
Bin contents: [ 1 1 1 1 1 1 1 1 1 1 ]
Bin contents: [ 1 1 1 1 1 1 1 1 1 1 ]
Bin contents: [ 1 1 1 1 1 1 1 1 1 1 ]
Bin contents: [ 1 1 1 1 1 1 1 1 1 1 ]
Bin contents: [ 1 1 1 1 1 1 1 1 1 1 ]
Bin contents: [ 1 1 1 1 1 1 1 1 1 1 ]
Bin contents: [ 1 1 1 1 1 1 1 1 1 1 ]
Bin contents: [ 1 1 1 1 1 1 1 1 1 1 ]
Bin contents: [ 1 1 1 1 1 1 1 1 1 1 ]
Bin contents: [ 1 1 1 1 1 1 1 1 1 1 ]
Bin contents: [ 1 1 1 1 1 1 1 1 1 1 ]
Bin contents: [ 1 1 1 1 1 1 1 1 1 1 ]
Bin contents: [ 1 1 1 1 1 1 1 1 1 1 ]
Bin contents: [ 1 1 1 1 1 1 1 1 1 1 ]
Bin contents: [ 1 1 1 1 1 1 1 1 1 1 ]
Bin contents: [ 1 1 1 1 1 1 1 1 1 1 ]
Bin contents: [ 1 1 1 1 1 1 1 1 1 1 ]
Bin contents: [ 1 1 1 1 1 1 1 1 1 1 ]
Bin contents: [ 1 1 1 1 1 1 1 1 1 1 ]
Bin contents: [ 1 1 1 1 1 1 1 1 1 1 ]
Bin contents: [ 1 1 1 1 1 1 1 1 1 1 ]
Bin contents: [ 1 1 1 1 1 1 1 1 1 1 ]
Bin contents: [ 1 1 1 1 1 1 1 1 1 1 ]
Bin contents: [ 1 1 1 1 1 1 1 1 1 1 ]
Bin contents: [ 1 1 1 1 1 1 1 1 1 1 ]
Bin contents: [ 1 1 1 1 1 1 1 1 1 1 ]
Bin contents: [ 1 1 1 1 1 1 1 1 1 1 ]
Bin contents: [ 1 1 1 1 1 1 1 1 1 1 ]
Bin contents: [ 1 1 1 1 1 1 1 1 1 1 ]
Bin contents: [ 1 1 1 1 1 1 1 1 1 1 ]
Bin contents: [ 1 1 1 1 1 1 1 1 1 1 ]
Bin contents: [ 1 1 1 1 1 1 1 1 1 1 ]
Bin contents: [ 1 1 1 1 1 1 1 1 1 1 ]
Bin contents: [ 1 1 1 1 1 1 1 1 1 1 ]
Bin contents: [ 1 1 1 1 1 1 1 1 1 1 ]
Bin contents: [ 1 1 1 1 1 1 1 1 1 1 ]
Bin contents: [ 1 1 1 1 1 1 1 1 1 1 ]
Bin contents: [ 1 1 1 1 1 1 1 1 1 1 ]
Bin contents: [ 1 1 1 1 1 1 1 1 1 1 ]
Bin contents: [ 1 1 1 1 1 1 1 1 1 1 ]
Bin contents: [ 1 1 1 1 1 1 1 1 1 1 ]
Bin contents: [ 1 1 1 1 1 1 1 1 1 1 ]
Bin contents: [ 1 1 1 1 1 1 1 1 1 1 ]
Bin contents: [ 1 1 1 1 1 1 1 1 1 1 ]
Bin contents: [ 1 1 1 1 1 1 1 1 1 1 ]
Bin contents: [ 1 1 1 1 1 1 1 1 1 1 ]
Bin contents: [ 1 1 1 1 1 1 1 1 1 1 ]
Bin contents: [ 1 1 1 1 1 1 1 1 1 1 ]
Bin contents: [ 1 1 1 1 1 1 1 1 1 1 ]
Bin contents: [ 1 1 1 1 1 1 1 1 1 1 ]
Bin contents: [ 1 1 1 1 1 1 1 1 1 1 ]
Bin contents: [ 1 1 1 1 1 1 1 1 1 1 ]
Bin contents: [ 1 1 1 1 1 1 1 1 1 1 ]
Bin contents: [ 1 1 1 1 1 1 1 1 1 1 ]
Bin contents: [ 1 1 1 1 1 1 1 1 1 1 ]
Bin contents: [ 1 1 1 1 1 1 1 1 1 1 ]
Bin contents: [ 1 1 1 1 1 1 1 1 1 1 ]
Bin contents: [ 1 1 1 1 1 1 1 1 1 1 ]
Bin contents: [ 1 1 1 1 1 1 1 1 1 1 ]
Bin contents: [ 1 1 1 1 1 1 1 1 1 1 ]
Bin contents: [ 1 1 1 1 1 1 1 1 1 1 ]
Bin contents: [ 1 1 1 1 1 1 1 1 1 1 ]
Bin contents: [ 1 1 1 1 1 1 1 1 1 1 ]
Bin contents: [ 1 1 1 1 1 1 1 1 1 1 ]
Bin contents: [ 1 1 1 1 1 1 1 1 1 1 ]
Bin contents: [ 1 1 1 1 1 1 1 1 1 1 ]
Bin contents: [ 1 1 1 1 1 1 1 1 1 1 ]
Bin contents: [ 1 1 1 1 1 1 1 1 1 1 ]
Bin contents: [ 1 1 1 1 1 1 1 1 1 1 ]
Bin contents: [ 1 1 1 1 1 1 1 1 1 1 ]
Bin contents: [ 1 1 1 1 1 1 1 1 1 1 ]
Bin contents: [ 1 1 1 1 1 1 1 1 1 1 ]
Bin contents: [ 1 1 1 1 1 1 1 1 1 1 ]
Bin contents: [ 1 1 1 1 1 1 1 1 1 1 ]
Bin contents: [ 1 1 1 1 1 1 1 1 1 1 ]
Bin contents: [ 1 1 1 1 1 1 1 1 1 1 ]

Test case: Skewed Item Sizes
Algorithm: firstFit
Expected bins: 2, Actual bins: 2
Bin contents: [ 1 1 1 1 1 ]
Bin contents: [ 9 ]

Test case: Uniform Item Sizes
Algorithm: firstFit
Expected bins: 3, Actual bins: 3
Bin contents: [ 5 5 ]
Bin contents: [ 5 5 ]
Bin contents: [ 5 5 ]

Test case: High Packing Density
Algorithm: firstFit
Expected bins: 4, Actual bins: 4
Bin contents: [ 8 2 ]
Bin contents: [ 7 3 ]
Bin contents: [ 6 4 ]
Bin contents: [ 5 1 ]

Test case: Low Packing Density
Algorithm: firstFit
Expected bins: 1, Actual bins: 1
Bin contents: [ 1 1 1 1 1 1 ]

Test case: Boundary Conditions
Algorithm: firstFit
Expected bins: 4, Actual bins: 4
Bin contents: [ 10 ]
Bin contents: [ 10 ]
Bin contents: [ 10 ]
Bin contents: [ 10 ]

[       OK ] Algorithms/BinPackingGameTest.Algorithms/0 (9 ms)
[ RUN      ] Algorithms/BinPackingGameTest.Algorithms/1
Test case: Minimal Input Size - Zero Items
Algorithm: nextFit
Expected bins: 0, Actual bins: 1
Bin contents: [ ]

/Users/charlie/Documents/University/Final-Year-Project/Refactored_BPP/tests/test_binpacking.cpp:32: Failure
Expected equality of these values:
  bins.size()
    Which is: 1
  testCase.expectedBins
    Which is: 0
Failed on test case: Minimal Input Size - Zero Items

Test case: Minimal Input Size - One Item
Algorithm: nextFit
Expected bins: 1, Actual bins: 1
Bin contents: [ 5 ]

Test case: Maximal Input Size
Algorithm: nextFit
Expected bins: 100, Actual bins: 100
Bin contents: [ 1 1 1 1 1 1 1 1 1 1 ]
Bin contents: [ 1 1 1 1 1 1 1 1 1 1 ]
Bin contents: [ 1 1 1 1 1 1 1 1 1 1 ]
Bin contents: [ 1 1 1 1 1 1 1 1 1 1 ]
Bin contents: [ 1 1 1 1 1 1 1 1 1 1 ]
Bin contents: [ 1 1 1 1 1 1 1 1 1 1 ]
Bin contents: [ 1 1 1 1 1 1 1 1 1 1 ]
Bin contents: [ 1 1 1 1 1 1 1 1 1 1 ]
Bin contents: [ 1 1 1 1 1 1 1 1 1 1 ]
Bin contents: [ 1 1 1 1 1 1 1 1 1 1 ]
Bin contents: [ 1 1 1 1 1 1 1 1 1 1 ]
Bin contents: [ 1 1 1 1 1 1 1 1 1 1 ]
Bin contents: [ 1 1 1 1 1 1 1 1 1 1 ]
Bin contents: [ 1 1 1 1 1 1 1 1 1 1 ]
Bin contents: [ 1 1 1 1 1 1 1 1 1 1 ]
Bin contents: [ 1 1 1 1 1 1 1 1 1 1 ]
Bin contents: [ 1 1 1 1 1 1 1 1 1 1 ]
Bin contents: [ 1 1 1 1 1 1 1 1 1 1 ]
Bin contents: [ 1 1 1 1 1 1 1 1 1 1 ]
Bin contents: [ 1 1 1 1 1 1 1 1 1 1 ]
Bin contents: [ 1 1 1 1 1 1 1 1 1 1 ]
Bin contents: [ 1 1 1 1 1 1 1 1 1 1 ]
Bin contents: [ 1 1 1 1 1 1 1 1 1 1 ]
Bin contents: [ 1 1 1 1 1 1 1 1 1 1 ]
Bin contents: [ 1 1 1 1 1 1 1 1 1 1 ]
Bin contents: [ 1 1 1 1 1 1 1 1 1 1 ]
Bin contents: [ 1 1 1 1 1 1 1 1 1 1 ]
Bin contents: [ 1 1 1 1 1 1 1 1 1 1 ]
Bin contents: [ 1 1 1 1 1 1 1 1 1 1 ]
Bin contents: [ 1 1 1 1 1 1 1 1 1 1 ]
Bin contents: [ 1 1 1 1 1 1 1 1 1 1 ]
Bin contents: [ 1 1 1 1 1 1 1 1 1 1 ]
Bin contents: [ 1 1 1 1 1 1 1 1 1 1 ]
Bin contents: [ 1 1 1 1 1 1 1 1 1 1 ]
Bin contents: [ 1 1 1 1 1 1 1 1 1 1 ]
Bin contents: [ 1 1 1 1 1 1 1 1 1 1 ]
Bin contents: [ 1 1 1 1 1 1 1 1 1 1 ]
Bin contents: [ 1 1 1 1 1 1 1 1 1 1 ]
Bin contents: [ 1 1 1 1 1 1 1 1 1 1 ]
Bin contents: [ 1 1 1 1 1 1 1 1 1 1 ]
Bin contents: [ 1 1 1 1 1 1 1 1 1 1 ]
Bin contents: [ 1 1 1 1 1 1 1 1 1 1 ]
Bin contents: [ 1 1 1 1 1 1 1 1 1 1 ]
Bin contents: [ 1 1 1 1 1 1 1 1 1 1 ]
Bin contents: [ 1 1 1 1 1 1 1 1 1 1 ]
Bin contents: [ 1 1 1 1 1 1 1 1 1 1 ]
Bin contents: [ 1 1 1 1 1 1 1 1 1 1 ]
Bin contents: [ 1 1 1 1 1 1 1 1 1 1 ]
Bin contents: [ 1 1 1 1 1 1 1 1 1 1 ]
Bin contents: [ 1 1 1 1 1 1 1 1 1 1 ]
Bin contents: [ 1 1 1 1 1 1 1 1 1 1 ]
Bin contents: [ 1 1 1 1 1 1 1 1 1 1 ]
Bin contents: [ 1 1 1 1 1 1 1 1 1 1 ]
Bin contents: [ 1 1 1 1 1 1 1 1 1 1 ]
Bin contents: [ 1 1 1 1 1 1 1 1 1 1 ]
Bin contents: [ 1 1 1 1 1 1 1 1 1 1 ]
Bin contents: [ 1 1 1 1 1 1 1 1 1 1 ]
Bin contents: [ 1 1 1 1 1 1 1 1 1 1 ]
Bin contents: [ 1 1 1 1 1 1 1 1 1 1 ]
Bin contents: [ 1 1 1 1 1 1 1 1 1 1 ]
Bin contents: [ 1 1 1 1 1 1 1 1 1 1 ]
Bin contents: [ 1 1 1 1 1 1 1 1 1 1 ]
Bin contents: [ 1 1 1 1 1 1 1 1 1 1 ]
Bin contents: [ 1 1 1 1 1 1 1 1 1 1 ]
Bin contents: [ 1 1 1 1 1 1 1 1 1 1 ]
Bin contents: [ 1 1 1 1 1 1 1 1 1 1 ]
Bin contents: [ 1 1 1 1 1 1 1 1 1 1 ]
Bin contents: [ 1 1 1 1 1 1 1 1 1 1 ]
Bin contents: [ 1 1 1 1 1 1 1 1 1 1 ]
Bin contents: [ 1 1 1 1 1 1 1 1 1 1 ]
Bin contents: [ 1 1 1 1 1 1 1 1 1 1 ]
Bin contents: [ 1 1 1 1 1 1 1 1 1 1 ]
Bin contents: [ 1 1 1 1 1 1 1 1 1 1 ]
Bin contents: [ 1 1 1 1 1 1 1 1 1 1 ]
Bin contents: [ 1 1 1 1 1 1 1 1 1 1 ]
Bin contents: [ 1 1 1 1 1 1 1 1 1 1 ]
Bin contents: [ 1 1 1 1 1 1 1 1 1 1 ]
Bin contents: [ 1 1 1 1 1 1 1 1 1 1 ]
Bin contents: [ 1 1 1 1 1 1 1 1 1 1 ]
Bin contents: [ 1 1 1 1 1 1 1 1 1 1 ]
Bin contents: [ 1 1 1 1 1 1 1 1 1 1 ]
Bin contents: [ 1 1 1 1 1 1 1 1 1 1 ]
Bin contents: [ 1 1 1 1 1 1 1 1 1 1 ]
Bin contents: [ 1 1 1 1 1 1 1 1 1 1 ]
Bin contents: [ 1 1 1 1 1 1 1 1 1 1 ]
Bin contents: [ 1 1 1 1 1 1 1 1 1 1 ]
Bin contents: [ 1 1 1 1 1 1 1 1 1 1 ]
Bin contents: [ 1 1 1 1 1 1 1 1 1 1 ]
Bin contents: [ 1 1 1 1 1 1 1 1 1 1 ]
Bin contents: [ 1 1 1 1 1 1 1 1 1 1 ]
Bin contents: [ 1 1 1 1 1 1 1 1 1 1 ]
Bin contents: [ 1 1 1 1 1 1 1 1 1 1 ]
Bin contents: [ 1 1 1 1 1 1 1 1 1 1 ]
Bin contents: [ 1 1 1 1 1 1 1 1 1 1 ]
Bin contents: [ 1 1 1 1 1 1 1 1 1 1 ]
Bin contents: [ 1 1 1 1 1 1 1 1 1 1 ]
Bin contents: [ 1 1 1 1 1 1 1 1 1 1 ]
Bin contents: [ 1 1 1 1 1 1 1 1 1 1 ]
Bin contents: [ 1 1 1 1 1 1 1 1 1 1 ]
Bin contents: [ 1 1 1 1 1 1 1 1 1 1 ]

Test case: Skewed Item Sizes
Algorithm: nextFit
Expected bins: 2, Actual bins: 2
Bin contents: [ 1 1 1 1 1 ]
Bin contents: [ 9 ]

Test case: Uniform Item Sizes
Algorithm: nextFit
Expected bins: 3, Actual bins: 3
Bin contents: [ 5 5 ]
Bin contents: [ 5 5 ]
Bin contents: [ 5 5 ]

Test case: High Packing Density
Algorithm: nextFit
Expected bins: 4, Actual bins: 5
Bin contents: [ 8 ]
Bin contents: [ 7 ]
Bin contents: [ 6 ]
Bin contents: [ 5 4 ]
Bin contents: [ 3 2 1 ]

/Users/charlie/Documents/University/Final-Year-Project/Refactored_BPP/tests/test_binpacking.cpp:32: Failure
Expected equality of these values:
  bins.size()
    Which is: 5
  testCase.expectedBins
    Which is: 4
Failed on test case: High Packing Density

Test case: Low Packing Density
Algorithm: nextFit
Expected bins: 1, Actual bins: 1
Bin contents: [ 1 1 1 1 1 1 ]

Test case: Boundary Conditions
Algorithm: nextFit
Expected bins: 4, Actual bins: 4
Bin contents: [ 10 ]
Bin contents: [ 10 ]
Bin contents: [ 10 ]
Bin contents: [ 10 ]

[  FAILED  ] Algorithms/BinPackingGameTest.Algorithms/1, where GetParam() = "nextFit" (0 ms)
[ RUN      ] Algorithms/BinPackingGameTest.Algorithms/2
Test case: Minimal Input Size - Zero Items
Algorithm: mtrp
Expected bins: 0, Actual bins: 0

Test case: Minimal Input Size - One Item
Algorithm: mtrp
Expected bins: 1, Actual bins: 1
Bin contents: [ 5 ]

Test case: Maximal Input Size
Algorithm: mtrp
Expected bins: 100, Actual bins: 998
Bin contents: [ 1 ]
Bin contents: [ 1 ]
Bin contents: [ 1 ]
Bin contents: [ 1 ]
Bin contents: [ 1 ]
Bin contents: [ 1 ]
Bin contents: [ 1 ]
Bin contents: [ 1 ]
Bin contents: [ 1 ]
Bin contents: [ 1 ]
Bin contents: [ 1 ]
Bin contents: [ 1 ]
Bin contents: [ 1 ]
Bin contents: [ 1 ]
Bin contents: [ 1 ]
Bin contents: [ 1 ]
Bin contents: [ 1 ]
Bin contents: [ 1 ]
Bin contents: [ 1 ]
Bin contents: [ 1 ]
Bin contents: [ 1 ]
Bin contents: [ 1 ]
Bin contents: [ 1 ]
Bin contents: [ 1 ]
Bin contents: [ 1 ]
Bin contents: [ 1 ]
Bin contents: [ 1 ]
Bin contents: [ 1 ]
Bin contents: [ 1 ]
Bin contents: [ 1 ]
Bin contents: [ 1 ]
Bin contents: [ 1 ]
Bin contents: [ 1 ]
Bin contents: [ 1 ]
Bin contents: [ 1 ]
Bin contents: [ 1 ]
Bin contents: [ 1 ]
Bin contents: [ 1 ]
Bin contents: [ 1 ]
Bin contents: [ 1 ]
Bin contents: [ 1 ]
Bin contents: [ 1 ]
Bin contents: [ 1 ]
Bin contents: [ 1 ]
Bin contents: [ 1 ]
Bin contents: [ 1 ]
Bin contents: [ 1 ]
Bin contents: [ 1 ]
Bin contents: [ 1 ]
Bin contents: [ 1 ]
Bin contents: [ 1 ]
Bin contents: [ 1 ]
Bin contents: [ 1 ]
Bin contents: [ 1 ]
Bin contents: [ 1 ]
Bin contents: [ 1 ]
Bin contents: [ 1 ]
Bin contents: [ 1 ]
Bin contents: [ 1 ]
Bin contents: [ 1 ]
Bin contents: [ 1 ]
Bin contents: [ 1 ]
Bin contents: [ 1 ]
Bin contents: [ 1 ]
Bin contents: [ 1 ]
Bin contents: [ 1 ]
Bin contents: [ 1 ]
Bin contents: [ 1 ]
Bin contents: [ 1 ]
Bin contents: [ 1 ]
Bin contents: [ 1 ]
Bin contents: [ 1 ]
Bin contents: [ 1 ]
Bin contents: [ 1 ]
Bin contents: [ 1 ]
Bin contents: [ 1 ]
Bin contents: [ 1 ]
Bin contents: [ 1 ]
Bin contents: [ 1 ]
Bin contents: [ 1 ]
Bin contents: [ 1 ]
Bin contents: [ 1 ]
Bin contents: [ 1 ]
Bin contents: [ 1 ]
Bin contents: [ 1 ]
Bin contents: [ 1 ]
Bin contents: [ 1 ]
Bin contents: [ 1 ]
Bin contents: [ 1 ]
Bin contents: [ 1 ]
Bin contents: [ 1 ]
Bin contents: [ 1 ]
Bin contents: [ 1 ]
Bin contents: [ 1 ]
Bin contents: [ 1 ]
Bin contents: [ 1 ]
Bin contents: [ 1 ]
Bin contents: [ 1 ]
Bin contents: [ 1 ]
Bin contents: [ 1 ]
Bin contents: [ 1 ]
Bin contents: [ 1 ]
Bin contents: [ 1 ]
Bin contents: [ 1 ]
Bin contents: [ 1 ]
Bin contents: [ 1 ]
Bin contents: [ 1 ]
Bin contents: [ 1 ]
Bin contents: [ 1 ]
Bin contents: [ 1 ]
Bin contents: [ 1 ]
Bin contents: [ 1 ]
Bin contents: [ 1 ]
Bin contents: [ 1 ]
Bin contents: [ 1 ]
Bin contents: [ 1 ]
Bin contents: [ 1 ]
Bin contents: [ 1 ]
Bin contents: [ 1 ]
Bin contents: [ 1 ]
Bin contents: [ 1 ]
Bin contents: [ 1 ]
Bin contents: [ 1 ]
Bin contents: [ 1 ]
Bin contents: [ 1 ]
Bin contents: [ 1 ]
Bin contents: [ 1 ]
Bin contents: [ 1 ]
Bin contents: [ 1 ]
Bin contents: [ 1 ]
Bin contents: [ 1 ]
Bin contents: [ 1 ]
Bin contents: [ 1 ]
Bin contents: [ 1 ]
Bin contents: [ 1 ]
Bin contents: [ 1 ]
Bin contents: [ 1 ]
Bin contents: [ 1 ]
Bin contents: [ 1 ]
Bin contents: [ 1 ]
Bin contents: [ 1 ]
Bin contents: [ 1 ]
Bin contents: [ 1 ]
Bin contents: [ 1 ]
Bin contents: [ 1 ]
Bin contents: [ 1 ]
Bin contents: [ 1 ]
Bin contents: [ 1 ]
Bin contents: [ 1 ]
Bin contents: [ 1 ]
Bin contents: [ 1 ]
Bin contents: [ 1 ]
Bin contents: [ 1 ]
Bin contents: [ 1 ]
Bin contents: [ 1 ]
Bin contents: [ 1 ]
Bin contents: [ 1 ]
Bin contents: [ 1 ]
Bin contents: [ 1 ]
Bin contents: [ 1 ]
Bin contents: [ 1 ]
Bin contents: [ 1 ]
Bin contents: [ 1 ]
Bin contents: [ 1 ]
Bin contents: [ 1 ]
Bin contents: [ 1 ]
Bin contents: [ 1 ]
Bin contents: [ 1 ]
Bin contents: [ 1 ]
Bin contents: [ 1 ]
Bin contents: [ 1 ]
Bin contents: [ 1 ]
Bin contents: [ 1 ]
Bin contents: [ 1 ]
Bin contents: [ 1 ]
Bin contents: [ 1 ]
Bin contents: [ 1 ]
Bin contents: [ 1 ]
Bin contents: [ 1 ]
Bin contents: [ 1 ]
Bin contents: [ 1 ]
Bin contents: [ 1 ]
Bin contents: [ 1 ]
Bin contents: [ 1 ]
Bin contents: [ 1 ]
Bin contents: [ 1 ]
Bin contents: [ 1 ]
Bin contents: [ 1 ]
Bin contents: [ 1 ]
Bin contents: [ 1 ]
Bin contents: [ 1 ]
Bin contents: [ 1 ]
Bin contents: [ 1 ]
Bin contents: [ 1 ]
Bin contents: [ 1 ]
Bin contents: [ 1 ]
Bin contents: [ 1 ]
Bin contents: [ 1 ]
Bin contents: [ 1 ]
Bin contents: [ 1 ]
Bin contents: [ 1 ]
Bin contents: [ 1 ]
Bin contents: [ 1 ]
Bin contents: [ 1 ]
Bin contents: [ 1 ]
Bin contents: [ 1 ]
Bin contents: [ 1 ]
Bin contents: [ 1 ]
Bin contents: [ 1 ]
Bin contents: [ 1 ]
Bin contents: [ 1 ]
Bin contents: [ 1 ]
Bin contents: [ 1 ]
Bin contents: [ 1 ]
Bin contents: [ 1 ]
Bin contents: [ 1 ]
Bin contents: [ 1 ]
Bin contents: [ 1 ]
Bin contents: [ 1 ]
Bin contents: [ 1 ]
Bin contents: [ 1 ]
Bin contents: [ 1 ]
Bin contents: [ 1 ]
Bin contents: [ 1 ]
Bin contents: [ 1 ]
Bin contents: [ 1 ]
Bin contents: [ 1 ]
Bin contents: [ 1 ]
Bin contents: [ 1 ]
Bin contents: [ 1 ]
Bin contents: [ 1 ]
Bin contents: [ 1 ]
Bin contents: [ 1 ]
Bin contents: [ 1 ]
Bin contents: [ 1 ]
Bin contents: [ 1 ]
Bin contents: [ 1 ]
Bin contents: [ 1 ]
Bin contents: [ 1 ]
Bin contents: [ 1 ]
Bin contents: [ 1 ]
Bin contents: [ 1 ]
Bin contents: [ 1 ]
Bin contents: [ 1 ]
Bin contents: [ 1 ]
Bin contents: [ 1 ]
Bin contents: [ 1 ]
Bin contents: [ 1 ]
Bin contents: [ 1 ]
Bin contents: [ 1 ]
Bin contents: [ 1 ]
Bin contents: [ 1 ]
Bin contents: [ 1 ]
Bin contents: [ 1 ]
Bin contents: [ 1 ]
Bin contents: [ 1 ]
Bin contents: [ 1 ]
Bin contents: [ 1 ]
Bin contents: [ 1 ]
Bin contents: [ 1 ]
Bin contents: [ 1 ]
Bin contents: [ 1 ]
Bin contents: [ 1 ]
Bin contents: [ 1 ]
Bin contents: [ 1 ]
Bin contents: [ 1 ]
Bin contents: [ 1 ]
Bin contents: [ 1 ]
Bin contents: [ 1 ]
Bin contents: [ 1 ]
Bin contents: [ 1 ]
Bin contents: [ 1 ]
Bin contents: [ 1 ]
Bin contents: [ 1 ]
Bin contents: [ 1 ]
Bin contents: [ 1 ]
Bin contents: [ 1 ]
Bin contents: [ 1 ]
Bin contents: [ 1 ]
Bin contents: [ 1 ]
Bin contents: [ 1 ]
Bin contents: [ 1 ]
Bin contents: [ 1 ]
Bin contents: [ 1 ]
Bin contents: [ 1 ]
Bin contents: [ 1 ]
Bin contents: [ 1 ]
Bin contents: [ 1 ]
Bin contents: [ 1 ]
Bin contents: [ 1 ]
Bin contents: [ 1 ]
Bin contents: [ 1 ]
Bin contents: [ 1 ]
Bin contents: [ 1 ]
Bin contents: [ 1 ]
Bin contents: [ 1 ]
Bin contents: [ 1 ]
Bin contents: [ 1 ]
Bin contents: [ 1 ]
Bin contents: [ 1 ]
Bin contents: [ 1 ]
Bin contents: [ 1 ]
Bin contents: [ 1 ]
Bin contents: [ 1 ]
Bin contents: [ 1 ]
Bin contents: [ 1 ]
Bin contents: [ 1 ]
Bin contents: [ 1 ]
Bin contents: [ 1 ]
Bin contents: [ 1 ]
Bin contents: [ 1 ]
Bin contents: [ 1 ]
Bin contents: [ 1 ]
Bin contents: [ 1 ]
Bin contents: [ 1 ]
Bin contents: [ 1 ]
Bin contents: [ 1 ]
Bin contents: [ 1 ]
Bin contents: [ 1 ]
Bin contents: [ 1 ]
Bin contents: [ 1 ]
Bin contents: [ 1 ]
Bin contents: [ 1 ]
Bin contents: [ 1 ]
Bin contents: [ 1 ]
Bin contents: [ 1 ]
Bin contents: [ 1 ]
Bin contents: [ 1 ]
Bin contents: [ 1 ]
Bin contents: [ 1 ]
Bin contents: [ 1 ]
Bin contents: [ 1 ]
Bin contents: [ 1 ]
Bin contents: [ 1 ]
Bin contents: [ 1 ]
Bin contents: [ 1 ]
Bin contents: [ 1 ]
Bin contents: [ 1 ]
Bin contents: [ 1 ]
Bin contents: [ 1 ]
Bin contents: [ 1 ]
Bin contents: [ 1 ]
Bin contents: [ 1 ]
Bin contents: [ 1 ]
Bin contents: [ 1 ]
Bin contents: [ 1 ]
Bin contents: [ 1 ]
Bin contents: [ 1 ]
Bin contents: [ 1 ]
Bin contents: [ 1 ]
Bin contents: [ 1 ]
Bin contents: [ 1 ]
Bin contents: [ 1 ]
Bin contents: [ 1 ]
Bin contents: [ 1 ]
Bin contents: [ 1 ]
Bin contents: [ 1 ]
Bin contents: [ 1 ]
Bin contents: [ 1 ]
Bin contents: [ 1 ]
Bin contents: [ 1 ]
Bin contents: [ 1 ]
Bin contents: [ 1 ]
Bin contents: [ 1 ]
Bin contents: [ 1 ]
Bin contents: [ 1 ]
Bin contents: [ 1 ]
Bin contents: [ 1 ]
Bin contents: [ 1 ]
Bin contents: [ 1 ]
Bin contents: [ 1 ]
Bin contents: [ 1 ]
Bin contents: [ 1 ]
Bin contents: [ 1 ]
Bin contents: [ 1 ]
Bin contents: [ 1 ]
Bin contents: [ 1 ]
Bin contents: [ 1 ]
Bin contents: [ 1 ]
Bin contents: [ 1 ]
Bin contents: [ 1 ]
Bin contents: [ 1 ]
Bin contents: [ 1 ]
Bin contents: [ 1 ]
Bin contents: [ 1 ]
Bin contents: [ 1 ]
Bin contents: [ 1 ]
Bin contents: [ 1 ]
Bin contents: [ 1 ]
Bin contents: [ 1 ]
Bin contents: [ 1 ]
Bin contents: [ 1 ]
Bin contents: [ 1 ]
Bin contents: [ 1 ]
Bin contents: [ 1 ]
Bin contents: [ 1 ]
Bin contents: [ 1 ]
Bin contents: [ 1 ]
Bin contents: [ 1 ]
Bin contents: [ 1 ]
Bin contents: [ 1 ]
Bin contents: [ 1 ]
Bin contents: [ 1 ]
Bin contents: [ 1 ]
Bin contents: [ 1 ]
Bin contents: [ 1 ]
Bin contents: [ 1 ]
Bin contents: [ 1 ]
Bin contents: [ 1 ]
Bin contents: [ 1 ]
Bin contents: [ 1 ]
Bin contents: [ 1 ]
Bin contents: [ 1 ]
Bin contents: [ 1 ]
Bin contents: [ 1 ]
Bin contents: [ 1 ]
Bin contents: [ 1 ]
Bin contents: [ 1 ]
Bin contents: [ 1 ]
Bin contents: [ 1 ]
Bin contents: [ 1 ]
Bin contents: [ 1 ]
Bin contents: [ 1 ]
Bin contents: [ 1 ]
Bin contents: [ 1 ]
Bin contents: [ 1 ]
Bin contents: [ 1 ]
Bin contents: [ 1 ]
Bin contents: [ 1 ]
Bin contents: [ 1 ]
Bin contents: [ 1 ]
Bin contents: [ 1 ]
Bin contents: [ 1 ]
Bin contents: [ 1 ]
Bin contents: [ 1 ]
Bin contents: [ 1 ]
Bin contents: [ 1 ]
Bin contents: [ 1 ]
Bin contents: [ 1 ]
Bin contents: [ 1 ]
Bin contents: [ 1 ]
Bin contents: [ 1 ]
Bin contents: [ 1 ]
Bin contents: [ 1 ]
Bin contents: [ 1 ]
Bin contents: [ 1 ]
Bin contents: [ 1 ]
Bin contents: [ 1 ]
Bin contents: [ 1 ]
Bin contents: [ 1 ]
Bin contents: [ 1 ]
Bin contents: [ 1 ]
Bin contents: [ 1 ]
Bin contents: [ 1 ]
Bin contents: [ 1 ]
Bin contents: [ 1 ]
Bin contents: [ 1 ]
Bin contents: [ 1 ]
Bin contents: [ 1 ]
Bin contents: [ 1 ]
Bin contents: [ 1 ]
Bin contents: [ 1 ]
Bin contents: [ 1 ]
Bin contents: [ 1 ]
Bin contents: [ 1 ]
Bin contents: [ 1 ]
Bin contents: [ 1 ]
Bin contents: [ 1 ]
Bin contents: [ 1 ]
Bin contents: [ 1 ]
Bin contents: [ 1 ]
Bin contents: [ 1 ]
Bin contents: [ 1 ]
Bin contents: [ 1 ]
Bin contents: [ 1 ]
Bin contents: [ 1 ]
Bin contents: [ 1 ]
Bin contents: [ 1 ]
Bin contents: [ 1 ]
Bin contents: [ 1 ]
Bin contents: [ 1 ]
Bin contents: [ 1 ]
Bin contents: [ 1 ]
Bin contents: [ 1 ]
Bin contents: [ 1 ]
Bin contents: [ 1 ]
Bin contents: [ 1 ]
Bin contents: [ 1 ]
Bin contents: [ 1 ]
Bin contents: [ 1 ]
Bin contents: [ 1 ]
Bin contents: [ 1 ]
Bin contents: [ 1 ]
Bin contents: [ 1 ]
Bin contents: [ 1 ]
Bin contents: [ 1 ]
Bin contents: [ 1 ]
Bin contents: [ 1 ]
Bin contents: [ 1 ]
Bin contents: [ 1 ]
Bin contents: [ 1 ]
Bin contents: [ 1 ]
Bin contents: [ 1 ]
Bin contents: [ 1 ]
Bin contents: [ 1 ]
Bin contents: [ 1 ]
Bin contents: [ 1 ]
Bin contents: [ 1 ]
Bin contents: [ 1 ]
Bin contents: [ 1 ]
Bin contents: [ 1 ]
Bin contents: [ 1 ]
Bin contents: [ 1 ]
Bin contents: [ 1 ]
Bin contents: [ 1 ]
Bin contents: [ 1 ]
Bin contents: [ 1 ]
Bin contents: [ 1 ]
Bin contents: [ 1 ]
Bin contents: [ 1 ]
Bin contents: [ 1 ]
Bin contents: [ 1 ]
Bin contents: [ 1 ]
Bin contents: [ 1 ]
Bin contents: [ 1 ]
Bin contents: [ 1 ]
Bin contents: [ 1 ]
Bin contents: [ 1 ]
Bin contents: [ 1 ]
Bin contents: [ 1 ]
Bin contents: [ 1 ]
Bin contents: [ 1 ]
Bin contents: [ 1 ]
Bin contents: [ 1 ]
Bin contents: [ 1 ]
Bin contents: [ 1 ]
Bin contents: [ 1 ]
Bin contents: [ 1 ]
Bin contents: [ 1 ]
Bin contents: [ 1 ]
Bin contents: [ 1 ]
Bin contents: [ 1 ]
Bin contents: [ 1 ]
Bin contents: [ 1 ]
Bin contents: [ 1 ]
Bin contents: [ 1 ]
Bin contents: [ 1 ]
Bin contents: [ 1 ]
Bin contents: [ 1 ]
Bin contents: [ 1 ]
Bin contents: [ 1 ]
Bin contents: [ 1 ]
Bin contents: [ 1 ]
Bin contents: [ 1 ]
Bin contents: [ 1 ]
Bin contents: [ 1 ]
Bin contents: [ 1 ]
Bin contents: [ 1 ]
Bin contents: [ 1 ]
Bin contents: [ 1 ]
Bin contents: [ 1 ]
Bin contents: [ 1 ]
Bin contents: [ 1 ]
Bin contents: [ 1 ]
Bin contents: [ 1 ]
Bin contents: [ 1 ]
Bin contents: [ 1 ]
Bin contents: [ 1 ]
Bin contents: [ 1 ]
Bin contents: [ 1 ]
Bin contents: [ 1 ]
Bin contents: [ 1 ]
Bin contents: [ 1 ]
Bin contents: [ 1 ]
Bin contents: [ 1 ]
Bin contents: [ 1 ]
Bin contents: [ 1 ]
Bin contents: [ 1 ]
Bin contents: [ 1 ]
Bin contents: [ 1 ]
Bin contents: [ 1 ]
Bin contents: [ 1 ]
Bin contents: [ 1 ]
Bin contents: [ 1 ]
Bin contents: [ 1 ]
Bin contents: [ 1 ]
Bin contents: [ 1 ]
Bin contents: [ 1 ]
Bin contents: [ 1 ]
Bin contents: [ 1 ]
Bin contents: [ 1 ]
Bin contents: [ 1 ]
Bin contents: [ 1 ]
Bin contents: [ 1 ]
Bin contents: [ 1 ]
Bin contents: [ 1 ]
Bin contents: [ 1 ]
Bin contents: [ 1 ]
Bin contents: [ 1 ]
Bin contents: [ 1 ]
Bin contents: [ 1 ]
Bin contents: [ 1 ]
Bin contents: [ 1 ]
Bin contents: [ 1 ]
Bin contents: [ 1 ]
Bin contents: [ 1 ]
Bin contents: [ 1 ]
Bin contents: [ 1 ]
Bin contents: [ 1 ]
Bin contents: [ 1 ]
Bin contents: [ 1 ]
Bin contents: [ 1 ]
Bin contents: [ 1 ]
Bin contents: [ 1 ]
Bin contents: [ 1 ]
Bin contents: [ 1 ]
Bin contents: [ 1 ]
Bin contents: [ 1 ]
Bin contents: [ 1 ]
Bin contents: [ 1 ]
Bin contents: [ 1 ]
Bin contents: [ 1 ]
Bin contents: [ 1 ]
Bin contents: [ 1 ]
Bin contents: [ 1 ]
Bin contents: [ 1 ]
Bin contents: [ 1 ]
Bin contents: [ 1 ]
Bin contents: [ 1 ]
Bin contents: [ 1 ]
Bin contents: [ 1 ]
Bin contents: [ 1 ]
Bin contents: [ 1 ]
Bin contents: [ 1 ]
Bin contents: [ 1 ]
Bin contents: [ 1 ]
Bin contents: [ 1 ]
Bin contents: [ 1 ]
Bin contents: [ 1 ]
Bin contents: [ 1 ]
Bin contents: [ 1 ]
Bin contents: [ 1 ]
Bin contents: [ 1 ]
Bin contents: [ 1 ]
Bin contents: [ 1 ]
Bin contents: [ 1 ]
Bin contents: [ 1 ]
Bin contents: [ 1 ]
Bin contents: [ 1 ]
Bin contents: [ 1 ]
Bin contents: [ 1 ]
Bin contents: [ 1 ]
Bin contents: [ 1 ]
Bin contents: [ 1 ]
Bin contents: [ 1 ]
Bin contents: [ 1 ]
Bin contents: [ 1 ]
Bin contents: [ 1 ]
Bin contents: [ 1 ]
Bin contents: [ 1 ]
Bin contents: [ 1 ]
Bin contents: [ 1 ]
Bin contents: [ 1 ]
Bin contents: [ 1 ]
Bin contents: [ 1 ]
Bin contents: [ 1 ]
Bin contents: [ 1 ]
Bin contents: [ 1 ]
Bin contents: [ 1 ]
Bin contents: [ 1 ]
Bin contents: [ 1 ]
Bin contents: [ 1 ]
Bin contents: [ 1 ]
Bin contents: [ 1 ]
Bin contents: [ 1 ]
Bin contents: [ 1 ]
Bin contents: [ 1 ]
Bin contents: [ 1 ]
Bin contents: [ 1 ]
Bin contents: [ 1 ]
Bin contents: [ 1 ]
Bin contents: [ 1 ]
Bin contents: [ 1 ]
Bin contents: [ 1 ]
Bin contents: [ 1 ]
Bin contents: [ 1 ]
Bin contents: [ 1 ]
Bin contents: [ 1 ]
Bin contents: [ 1 ]
Bin contents: [ 1 ]
Bin contents: [ 1 ]
Bin contents: [ 1 ]
Bin contents: [ 1 ]
Bin contents: [ 1 ]
Bin contents: [ 1 ]
Bin contents: [ 1 ]
Bin contents: [ 1 ]
Bin contents: [ 1 ]
Bin contents: [ 1 ]
Bin contents: [ 1 ]
Bin contents: [ 1 ]
Bin contents: [ 1 ]
Bin contents: [ 1 ]
Bin contents: [ 1 ]
Bin contents: [ 1 ]
Bin contents: [ 1 ]
Bin contents: [ 1 ]
Bin contents: [ 1 ]
Bin contents: [ 1 ]
Bin contents: [ 1 ]
Bin contents: [ 1 ]
Bin contents: [ 1 ]
Bin contents: [ 1 ]
Bin contents: [ 1 ]
Bin contents: [ 1 ]
Bin contents: [ 1 ]
Bin contents: [ 1 ]
Bin contents: [ 1 ]
Bin contents: [ 1 ]
Bin contents: [ 1 ]
Bin contents: [ 1 ]
Bin contents: [ 1 ]
Bin contents: [ 1 ]
Bin contents: [ 1 ]
Bin contents: [ 1 ]
Bin contents: [ 1 ]
Bin contents: [ 1 ]
Bin contents: [ 1 ]
Bin contents: [ 1 ]
Bin contents: [ 1 ]
Bin contents: [ 1 ]
Bin contents: [ 1 ]
Bin contents: [ 1 ]
Bin contents: [ 1 ]
Bin contents: [ 1 ]
Bin contents: [ 1 ]
Bin contents: [ 1 ]
Bin contents: [ 1 ]
Bin contents: [ 1 ]
Bin contents: [ 1 ]
Bin contents: [ 1 ]
Bin contents: [ 1 ]
Bin contents: [ 1 ]
Bin contents: [ 1 ]
Bin contents: [ 1 ]
Bin contents: [ 1 ]
Bin contents: [ 1 ]
Bin contents: [ 1 ]
Bin contents: [ 1 ]
Bin contents: [ 1 ]
Bin contents: [ 1 ]
Bin contents: [ 1 ]
Bin contents: [ 1 ]
Bin contents: [ 1 ]
Bin contents: [ 1 ]
Bin contents: [ 1 ]
Bin contents: [ 1 ]
Bin contents: [ 1 ]
Bin contents: [ 1 ]
Bin contents: [ 1 ]
Bin contents: [ 1 ]
Bin contents: [ 1 ]
Bin contents: [ 1 ]
Bin contents: [ 1 ]
Bin contents: [ 1 ]
Bin contents: [ 1 ]
Bin contents: [ 1 ]
Bin contents: [ 1 ]
Bin contents: [ 1 ]
Bin contents: [ 1 ]
Bin contents: [ 1 ]
Bin contents: [ 1 ]
Bin contents: [ 1 ]
Bin contents: [ 1 ]
Bin contents: [ 1 ]
Bin contents: [ 1 ]
Bin contents: [ 1 ]
Bin contents: [ 1 ]
Bin contents: [ 1 ]
Bin contents: [ 1 ]
Bin contents: [ 1 ]
Bin contents: [ 1 ]
Bin contents: [ 1 ]
Bin contents: [ 1 ]
Bin contents: [ 1 ]
Bin contents: [ 1 ]
Bin contents: [ 1 ]
Bin contents: [ 1 ]
Bin contents: [ 1 ]
Bin contents: [ 1 ]
Bin contents: [ 1 ]
Bin contents: [ 1 ]
Bin contents: [ 1 ]
Bin contents: [ 1 ]
Bin contents: [ 1 ]
Bin contents: [ 1 ]
Bin contents: [ 1 ]
Bin contents: [ 1 ]
Bin contents: [ 1 ]
Bin contents: [ 1 ]
Bin contents: [ 1 ]
Bin contents: [ 1 ]
Bin contents: [ 1 ]
Bin contents: [ 1 ]
Bin contents: [ 1 ]
Bin contents: [ 1 ]
Bin contents: [ 1 ]
Bin contents: [ 1 ]
Bin contents: [ 1 ]
Bin contents: [ 1 ]
Bin contents: [ 1 ]
Bin contents: [ 1 ]
Bin contents: [ 1 ]
Bin contents: [ 1 ]
Bin contents: [ 1 ]
Bin contents: [ 1 ]
Bin contents: [ 1 ]
Bin contents: [ 1 ]
Bin contents: [ 1 ]
Bin contents: [ 1 ]
Bin contents: [ 1 ]
Bin contents: [ 1 ]
Bin contents: [ 1 ]
Bin contents: [ 1 ]
Bin contents: [ 1 ]
Bin contents: [ 1 ]
Bin contents: [ 1 ]
Bin contents: [ 1 ]
Bin contents: [ 1 ]
Bin contents: [ 1 ]
Bin contents: [ 1 ]
Bin contents: [ 1 ]
Bin contents: [ 1 ]
Bin contents: [ 1 ]
Bin contents: [ 1 ]
Bin contents: [ 1 ]
Bin contents: [ 1 ]
Bin contents: [ 1 ]
Bin contents: [ 1 ]
Bin contents: [ 1 ]
Bin contents: [ 1 ]
Bin contents: [ 1 ]
Bin contents: [ 1 ]
Bin contents: [ 1 ]
Bin contents: [ 1 ]
Bin contents: [ 1 ]
Bin contents: [ 1 ]
Bin contents: [ 1 ]
Bin contents: [ 1 ]
Bin contents: [ 1 ]
Bin contents: [ 1 ]
Bin contents: [ 1 ]
Bin contents: [ 1 ]
Bin contents: [ 1 ]
Bin contents: [ 1 ]
Bin contents: [ 1 ]
Bin contents: [ 1 ]
Bin contents: [ 1 ]
Bin contents: [ 1 ]
Bin contents: [ 1 ]
Bin contents: [ 1 ]
Bin contents: [ 1 ]
Bin contents: [ 1 ]
Bin contents: [ 1 ]
Bin contents: [ 1 ]
Bin contents: [ 1 ]
Bin contents: [ 1 ]
Bin contents: [ 1 ]
Bin contents: [ 1 ]
Bin contents: [ 1 ]
Bin contents: [ 1 ]
Bin contents: [ 1 ]
Bin contents: [ 1 ]
Bin contents: [ 1 ]
Bin contents: [ 1 ]
Bin contents: [ 1 ]
Bin contents: [ 1 ]
Bin contents: [ 1 ]
Bin contents: [ 1 ]
Bin contents: [ 1 ]
Bin contents: [ 1 ]
Bin contents: [ 1 ]
Bin contents: [ 1 ]
Bin contents: [ 1 ]
Bin contents: [ 1 ]
Bin contents: [ 1 ]
Bin contents: [ 1 ]
Bin contents: [ 1 ]
Bin contents: [ 1 ]
Bin contents: [ 1 ]
Bin contents: [ 1 ]
Bin contents: [ 1 ]
Bin contents: [ 1 ]
Bin contents: [ 1 ]
Bin contents: [ 1 ]
Bin contents: [ 1 ]
Bin contents: [ 1 ]
Bin contents: [ 1 ]
Bin contents: [ 1 ]
Bin contents: [ 1 ]
Bin contents: [ 1 ]
Bin contents: [ 1 ]
Bin contents: [ 1 ]
Bin contents: [ 1 ]
Bin contents: [ 1 ]
Bin contents: [ 1 ]
Bin contents: [ 1 ]
Bin contents: [ 1 ]
Bin contents: [ 1 ]
Bin contents: [ 1 ]
Bin contents: [ 1 ]
Bin contents: [ 1 ]
Bin contents: [ 1 ]
Bin contents: [ 1 ]
Bin contents: [ 1 ]
Bin contents: [ 1 ]
Bin contents: [ 1 ]
Bin contents: [ 1 ]
Bin contents: [ 1 ]
Bin contents: [ 1 ]
Bin contents: [ 1 ]
Bin contents: [ 1 ]
Bin contents: [ 1 ]
Bin contents: [ 1 ]
Bin contents: [ 1 ]
Bin contents: [ 1 ]
Bin contents: [ 1 ]
Bin contents: [ 1 ]
Bin contents: [ 1 ]
Bin contents: [ 1 ]
Bin contents: [ 1 ]
Bin contents: [ 1 ]
Bin contents: [ 1 ]
Bin contents: [ 1 ]
Bin contents: [ 1 ]
Bin contents: [ 1 ]
Bin contents: [ 1 ]
Bin contents: [ 1 ]
Bin contents: [ 1 ]
Bin contents: [ 1 ]
Bin contents: [ 1 ]
Bin contents: [ 1 ]
Bin contents: [ 1 ]
Bin contents: [ 1 ]
Bin contents: [ 1 ]
Bin contents: [ 1 ]
Bin contents: [ 1 ]
Bin contents: [ 1 ]
Bin contents: [ 1 ]
Bin contents: [ 1 ]
Bin contents: [ 1 ]
Bin contents: [ 1 ]
Bin contents: [ 1 ]
Bin contents: [ 1 ]
Bin contents: [ 1 ]
Bin contents: [ 1 ]
Bin contents: [ 1 ]
Bin contents: [ 1 ]
Bin contents: [ 1 ]
Bin contents: [ 1 ]
Bin contents: [ 1 ]
Bin contents: [ 1 ]
Bin contents: [ 1 ]
Bin contents: [ 1 ]
Bin contents: [ 1 ]
Bin contents: [ 1 ]
Bin contents: [ 1 ]
Bin contents: [ 1 ]
Bin contents: [ 1 ]
Bin contents: [ 1 ]
Bin contents: [ 1 ]
Bin contents: [ 1 ]
Bin contents: [ 1 ]
Bin contents: [ 1 ]
Bin contents: [ 1 ]
Bin contents: [ 1 ]
Bin contents: [ 1 ]
Bin contents: [ 1 ]
Bin contents: [ 1 ]
Bin contents: [ 1 ]
Bin contents: [ 1 ]
Bin contents: [ 1 ]
Bin contents: [ 1 ]
Bin contents: [ 1 ]
Bin contents: [ 1 ]
Bin contents: [ 1 ]
Bin contents: [ 1 ]
Bin contents: [ 1 ]
Bin contents: [ 1 ]
Bin contents: [ 1 ]
Bin contents: [ 1 ]
Bin contents: [ 1 ]
Bin contents: [ 1 ]
Bin contents: [ 1 ]
Bin contents: [ 1 ]
Bin contents: [ 1 ]
Bin contents: [ 1 ]
Bin contents: [ 1 1 1 ]

/Users/charlie/Documents/University/Final-Year-Project/Refactored_BPP/tests/test_binpacking.cpp:32: Failure
Expected equality of these values:
  bins.size()
    Which is: 998
  testCase.expectedBins
    Which is: 100
Failed on test case: Maximal Input Size

Test case: Skewed Item Sizes
Algorithm: mtrp
Expected bins: 2, Actual bins: 3
Bin contents: [ 1 9 ]
Bin contents: [ 1 ]
Bin contents: [ 1 1 1 ]

/Users/charlie/Documents/University/Final-Year-Project/Refactored_BPP/tests/test_binpacking.cpp:32: Failure
Expected equality of these values:
  bins.size()
    Which is: 3
  testCase.expectedBins
    Which is: 2
Failed on test case: Skewed Item Sizes

Test case: Uniform Item Sizes
Algorithm: mtrp
Expected bins: 3, Actual bins: 3
Bin contents: [ 5 5 ]
Bin contents: [ 5 5 ]
Bin contents: [ 5 5 ]

Test case: High Packing Density
Algorithm: mtrp
Expected bins: 4, Actual bins: 4
Bin contents: [ 1 8 ]
Bin contents: [ 2 7 ]
Bin contents: [ 3 6 ]
Bin contents: [ 4 5 ]

Test case: Low Packing Density
Algorithm: mtrp
Expected bins: 1, Actual bins: 4
Bin contents: [ 1 ]
Bin contents: [ 1 ]
Bin contents: [ 1 ]
Bin contents: [ 1 1 1 ]

/Users/charlie/Documents/University/Final-Year-Project/Refactored_BPP/tests/test_binpacking.cpp:32: Failure
Expected equality of these values:
  bins.size()
    Which is: 4
  testCase.expectedBins
    Which is: 1
Failed on test case: Low Packing Density

Test case: Boundary Conditions
Algorithm: mtrp
Expected bins: 4, Actual bins: 2
Bin contents: [ 10 10 ]
Bin contents: [ 10 10 ]

/Users/charlie/Documents/University/Final-Year-Project/Refactored_BPP/tests/test_binpacking.cpp:32: Failure
Expected equality of these values:
  bins.size()
    Which is: 2
  testCase.expectedBins
    Which is: 4
Failed on test case: Boundary Conditions

[  FAILED  ] Algorithms/BinPackingGameTest.Algorithms/2, where GetParam() = "mtrp" (19 ms)
[----------] 3 tests from Algorithms/BinPackingGameTest (29 ms total)

[----------] Global test environment tear-down
[==========] 3 tests from 1 test suite ran. (29 ms total)
[  PASSED  ] 1 test.
[  FAILED  ] 2 tests, listed below:
[  FAILED  ] Algorithms/BinPackingGameTest.Algorithms/1, where GetParam() = "nextFit"
[  FAILED  ] Algorithms/BinPackingGameTest.Algorithms/2, where GetParam() = "mtrp"

 2 FAILED TESTS
<end of output>
Test time =   0.22 sec
----------------------------------------------------------
Test Failed.
"runTests" end time: Jul 31 02:47 BST
"runTests" time elapsed: 00:00:00
----------------------------------------------------------

End testing: Jul 31 02:47 BST
